<?xml version="1.0" encoding="UTF-8"?>
<!-- Generated by org.testng.reporters.JUnitReportReporter -->
<testsuite skipped="1" hostname="VR" name="practise_Court.Day1_Paypal_CreateProduct" tests="3" failures="0" timestamp="2020-06-08T15:50:45 IST" time="10.487" errors="0">
  <testcase name="postRequest" time="2.838" classname="practise_Court.Day1_Paypal_CreateProduct"/>
  <system-out/>
  <testcase name="postRequest" time="7.649" classname="practise_Court.Day1_Paypal_CreateProduct"/>
  <system-out/>
  <testcase name="verifyProductCreation" classname="practise_Court.Day1_Paypal_CreateProduct">
    <skipped/>
  </testcase> <!-- verifyProductCreation -->
  <system-out/>
</testsuite> <!-- practise_Court.Day1_Paypal_CreateProduct -->
