<?xml version="1.0" encoding="UTF-8"?>
<!-- Generated by org.testng.reporters.JUnitReportReporter -->
<testsuite skipped="0" hostname="VR" name="rest28032020.CreateChangeReqestTestNG" tests="1" failures="0" timestamp="2020-03-29T12:17:10 IST" time="10.661" errors="0">
  <testcase name="createChangeRequest" time="10.661" classname="rest28032020.CreateChangeReqestTestNG"/>
  <system-out/>
</testsuite> <!-- rest28032020.CreateChangeReqestTestNG -->
