<?xml version="1.0" encoding="UTF-8"?>
<!-- Generated by org.testng.reporters.JUnitReportReporter -->
<testsuite skipped="0" hostname="VR" name="chaining.CreateChangeReqestTestNG" tests="1" failures="0" timestamp="2020-03-29T13:19:20 IST" time="14.938" errors="0">
  <testcase name="createChangeRequest" time="14.938" classname="chaining.CreateChangeReqestTestNG"/>
  <system-out/>
</testsuite> <!-- chaining.CreateChangeReqestTestNG -->
