<?xml version="1.0" encoding="UTF-8"?>
<!-- Generated by org.testng.reporters.JUnitReportReporter -->
<testsuite skipped="0" hostname="VR" name="chaining.DeleteChangeRequestTestNG" tests="1" failures="0" timestamp="2020-03-29T13:19:20 IST" time="4.523" errors="0">
  <testcase name="deleteChangeRequest" time="4.523" classname="chaining.DeleteChangeRequestTestNG"/>
  <system-out/>
</testsuite> <!-- chaining.DeleteChangeRequestTestNG -->
